2026-03-15 16:48:26 | INFO | EtlWorkerService | Configuracion cargada desde C:\Users\kalco\OneDrive\Documents\Electiva 1 y 2\ProcesoEtl\config\settings.json
2026-03-15 16:48:26 | INFO | EtlWorkerService | Base de datos objetivo: ProcesoETLDB
2026-03-15 16:48:26 | INFO | EtlWorkerService | === Inicio Worker ETL (batch=134dbff3-773a-4270-824c-10f00c321729) ===
2026-03-15 16:48:28 | INFO | EtlWorkerService | [SQL] Lotes ejecutados: 10/24
2026-03-15 16:48:28 | INFO | EtlWorkerService | [SQL] Lotes ejecutados: 20/24
2026-03-15 16:48:29 | INFO | EtlWorkerService | [SQL] Esquema aplicado correctamente en la base ProcesoETLDB.
2026-03-15 16:48:32 | INFO | EtlWorkerService | [DataLoader] Tablas staging y auditoria limpiadas.
2026-03-15 16:48:32 | INFO | EtlWorkerService | [CsvExtractor] Archivo customers.csv extraido con 5000 filas.
2026-03-15 16:48:32 | INFO | EtlWorkerService | [CsvExtractor] Archivo products.csv extraido con 2000 filas.
2026-03-15 16:48:32 | INFO | EtlWorkerService | [CsvExtractor] Archivo orders.csv extraido con 20000 filas.
2026-03-15 16:48:32 | INFO | EtlWorkerService | [CsvExtractor] Archivo order_details.csv extraido con 60161 filas.
2026-03-15 16:48:33 | INFO | EtlWorkerService | [ApiExtractor] Endpoint /comments extrajo 500 filas.
2026-03-15 16:49:15 | INFO | EtlWorkerService | [DatabaseExtractor] Query orders_overview extrajo 20000 filas.
2026-03-15 16:49:16 | INFO | EtlWorkerService | [DatabaseExtractor] Query customer_activity extrajo 5000 filas.
2026-03-15 16:49:16 | INFO | EtlWorkerService | [DataLoader] Archivos temporales generados: 7
2026-03-15 16:51:02 | INFO | EtlWorkerService | Configuracion cargada desde C:\Users\kalco\OneDrive\Documents\Electiva 1 y 2\ProcesoEtl\config\settings.json
2026-03-15 16:51:02 | INFO | EtlWorkerService | Base de datos objetivo: ProcesoETLDB
2026-03-15 16:51:02 | INFO | EtlWorkerService | === Inicio Worker ETL (batch=8ecd9fd9-7382-4a8d-bf8c-0730bdb2c199) ===
2026-03-15 16:51:04 | INFO | EtlWorkerService | [SQL] Lotes ejecutados: 10/28
2026-03-15 16:51:04 | INFO | EtlWorkerService | [SQL] Lotes ejecutados: 20/28
2026-03-15 16:51:05 | INFO | EtlWorkerService | [SQL] Esquema aplicado correctamente en la base ProcesoETLDB.
2026-03-15 16:51:07 | INFO | EtlWorkerService | [DataLoader] Tablas staging y auditoria limpiadas.
2026-03-15 16:51:07 | INFO | EtlWorkerService | [CsvExtractor] Archivo customers.csv extraido con 5000 filas.
2026-03-15 16:51:07 | INFO | EtlWorkerService | [CsvExtractor] Archivo products.csv extraido con 2000 filas.
2026-03-15 16:51:07 | INFO | EtlWorkerService | [CsvExtractor] Archivo orders.csv extraido con 20000 filas.
2026-03-15 16:51:07 | INFO | EtlWorkerService | [CsvExtractor] Archivo order_details.csv extraido con 60161 filas.
2026-03-15 16:51:08 | INFO | EtlWorkerService | [ApiExtractor] Endpoint /comments extrajo 500 filas.
2026-03-15 16:51:47 | INFO | EtlWorkerService | [DatabaseExtractor] Query orders_overview extrajo 20000 filas.
2026-03-15 16:51:47 | INFO | EtlWorkerService | [DatabaseExtractor] Query customer_activity extrajo 5000 filas.
2026-03-15 16:51:48 | INFO | EtlWorkerService | [DataLoader] Archivos temporales generados: 7
2026-03-15 17:00:03 | INFO | EtlWorkerService | Configuracion cargada desde C:\Users\kalco\OneDrive\Documents\Electiva 1 y 2\ProcesoEtl\config\settings.json
2026-03-15 17:00:03 | INFO | EtlWorkerService | Base de datos objetivo: ProcesoETLDB
2026-03-15 17:00:03 | INFO | EtlWorkerService | === Inicio Worker ETL (batch=78ea2f9f-6e7d-4b70-a9a4-92da960ff64b) ===
2026-03-15 17:00:05 | INFO | EtlWorkerService | [SQL] Lotes ejecutados: 10/28
2026-03-15 17:00:05 | INFO | EtlWorkerService | [SQL] Lotes ejecutados: 20/28
2026-03-15 17:00:06 | INFO | EtlWorkerService | [SQL] Esquema aplicado correctamente en la base ProcesoETLDB.
2026-03-15 17:00:09 | INFO | EtlWorkerService | [DataLoader] Tablas staging y auditoria limpiadas.
2026-03-15 17:00:09 | INFO | EtlWorkerService | [CsvExtractor] Archivo customers.csv extraido con 5000 filas.
2026-03-15 17:00:09 | INFO | EtlWorkerService | [CsvExtractor] Archivo products.csv extraido con 2000 filas.
2026-03-15 17:00:09 | INFO | EtlWorkerService | [CsvExtractor] Archivo orders.csv extraido con 20000 filas.
2026-03-15 17:00:09 | INFO | EtlWorkerService | [CsvExtractor] Archivo order_details.csv extraido con 60161 filas.
2026-03-15 17:00:09 | INFO | EtlWorkerService | [ApiExtractor] Endpoint /comments extrajo 500 filas.
2026-03-15 17:00:50 | INFO | EtlWorkerService | [DatabaseExtractor] Query orders_overview extrajo 20000 filas.
2026-03-15 17:00:50 | INFO | EtlWorkerService | [DatabaseExtractor] Query customer_activity extrajo 5000 filas.
2026-03-15 17:00:50 | INFO | EtlWorkerService | [DataLoader] Archivos temporales generados: 7
2026-03-15 17:01:05 | INFO | EtlWorkerService | [DataLoader] 5000 filas cargadas en dbo.StgCsvExtract.
2026-03-15 17:01:09 | INFO | EtlWorkerService | [DataLoader] 2000 filas cargadas en dbo.StgCsvExtract.
2026-03-15 17:01:35 | INFO | EtlWorkerService | [DataLoader] 20000 filas cargadas en dbo.StgCsvExtract.
2026-03-15 17:01:44 | INFO | EtlWorkerService | [DataLoader] 60161 filas cargadas en dbo.StgCsvExtract.
2026-03-15 17:01:47 | INFO | EtlWorkerService | [DataLoader] 20000 filas cargadas en dbo.StgDbExtract.
2026-03-15 17:01:48 | INFO | EtlWorkerService | [DataLoader] 5000 filas cargadas en dbo.StgDbExtract.
2026-03-15 17:01:48 | INFO | EtlWorkerService | [DataLoader] 500 filas cargadas en dbo.StgApiExtract.
2026-03-15 17:01:48 | INFO | EtlWorkerService | [DataLoader] Metricas de auditoria guardadas: 7
2026-03-15 17:01:48 | INFO | EtlWorkerService | Datasets extraidos: 7
2026-03-15 17:01:48 | INFO | EtlWorkerService | Total de filas extraidas: 112661
2026-03-15 17:01:48 | INFO | EtlWorkerService | Errores detectados: 0
2026-03-15 17:01:48 | INFO | EtlWorkerService | === Fin Worker ETL (batch=78ea2f9f-6e7d-4b70-a9a4-92da960ff64b) ===
2026-03-15 17:12:03 | INFO | EtlWorkerService | Configuracion cargada desde C:\Users\kalco\OneDrive\Documents\Electiva 1 y 2\ProcesoEtl\config\settings.json
2026-03-15 17:12:03 | INFO | EtlWorkerService | Base de datos objetivo: ProcesoETLDB
2026-03-15 17:12:03 | INFO | EtlWorkerService | === Inicio Worker ETL (batch=273cf3de-05ea-4c92-a8fc-cc9fc90b11a8) ===
2026-03-15 17:12:05 | INFO | EtlWorkerService | [SQL] Lotes ejecutados: 10/28
2026-03-15 17:12:06 | INFO | EtlWorkerService | [SQL] Lotes ejecutados: 20/28
2026-03-15 17:12:06 | INFO | EtlWorkerService | [SQL] Esquema aplicado correctamente en la base ProcesoETLDB.
2026-03-15 17:12:10 | INFO | EtlWorkerService | [DataLoader] Tablas staging y auditoria limpiadas.
2026-03-15 17:12:10 | INFO | EtlWorkerService | [CsvExtractor] Archivo customers.csv extraido con 5000 filas.
2026-03-15 17:12:10 | INFO | EtlWorkerService | [CsvExtractor] Archivo products.csv extraido con 2000 filas.
2026-03-15 17:12:10 | INFO | EtlWorkerService | [CsvExtractor] Archivo orders.csv extraido con 20000 filas.
2026-03-15 17:12:10 | INFO | EtlWorkerService | [CsvExtractor] Archivo order_details.csv extraido con 60161 filas.
2026-03-15 17:12:11 | INFO | EtlWorkerService | [ApiExtractor] Endpoint /comments extrajo 500 filas.
2026-03-15 17:12:34 | INFO | EtlWorkerService | [DatabaseExtractor] Query orders_overview extrajo 20000 filas.
2026-03-15 17:12:34 | INFO | EtlWorkerService | [DatabaseExtractor] Query customer_activity extrajo 5000 filas.
2026-03-15 17:12:34 | INFO | EtlWorkerService | [DataLoader] Archivos temporales generados: 7
2026-03-15 17:12:35 | INFO | EtlWorkerService | [DataLoader] 5000 filas cargadas en dbo.StgCsvExtract.
2026-03-15 17:12:35 | INFO | EtlWorkerService | [DataLoader] 2000 filas cargadas en dbo.StgCsvExtract.
2026-03-15 17:12:39 | INFO | EtlWorkerService | [DataLoader] 20000 filas cargadas en dbo.StgCsvExtract.
2026-03-15 17:12:51 | INFO | EtlWorkerService | [DataLoader] 60161 filas cargadas en dbo.StgCsvExtract.
2026-03-15 17:12:53 | INFO | EtlWorkerService | [DataLoader] 20000 filas cargadas en dbo.StgDbExtract.
2026-03-15 17:12:54 | INFO | EtlWorkerService | [DataLoader] 5000 filas cargadas en dbo.StgDbExtract.
2026-03-15 17:12:54 | INFO | EtlWorkerService | [DataLoader] 500 filas cargadas en dbo.StgApiExtract.
2026-03-15 17:12:54 | INFO | EtlWorkerService | [DataLoader] Metricas de auditoria guardadas: 7
2026-03-15 17:12:54 | INFO | EtlWorkerService | Datasets extraidos: 7
2026-03-15 17:12:54 | INFO | EtlWorkerService | Total de filas extraidas: 112661
2026-03-15 17:12:54 | INFO | EtlWorkerService | Errores detectados: 0
2026-03-15 17:12:54 | INFO | EtlWorkerService | === Fin Worker ETL (batch=273cf3de-05ea-4c92-a8fc-cc9fc90b11a8) ===
2026-03-16 15:23:55 | INFO | EtlWorkerService | Configuracion cargada desde C:\Users\kalco\OneDrive\Documents\Electiva 1 y 2\ProcesoEtl\config\settings.json
2026-03-16 15:23:55 | INFO | EtlWorkerService | Base de datos objetivo: ProcesoETLDB
2026-03-16 15:23:55 | INFO | EtlWorkerService | === Inicio Worker ETL (batch=5e3fe317-a029-434a-8a35-db28dd0ca9c4) ===
2026-03-16 15:23:57 | INFO | EtlWorkerService | [SQL] Lotes ejecutados: 10/28
2026-03-16 15:23:58 | INFO | EtlWorkerService | [SQL] Lotes ejecutados: 20/28
2026-03-16 15:23:59 | INFO | EtlWorkerService | [SQL] Esquema aplicado correctamente en la base ProcesoETLDB.
2026-03-16 15:24:02 | INFO | EtlWorkerService | [DataLoader] Tablas staging y auditoria limpiadas.
2026-03-16 15:24:02 | INFO | EtlWorkerService | [CsvExtractor] Archivo customers.csv extraido con 5000 filas.
2026-03-16 15:24:02 | INFO | EtlWorkerService | [CsvExtractor] Archivo products.csv extraido con 2000 filas.
2026-03-16 15:24:02 | INFO | EtlWorkerService | [CsvExtractor] Archivo orders.csv extraido con 20000 filas.
2026-03-16 15:24:02 | INFO | EtlWorkerService | [CsvExtractor] Archivo order_details.csv extraido con 60161 filas.
2026-03-16 15:24:03 | INFO | EtlWorkerService | [ApiExtractor] Endpoint /comments extrajo 500 filas.
2026-03-16 15:24:29 | INFO | EtlWorkerService | [DatabaseExtractor] Query orders_overview extrajo 20000 filas.
2026-03-16 15:24:29 | INFO | EtlWorkerService | [DatabaseExtractor] Query customer_activity extrajo 5000 filas.
2026-03-16 15:24:30 | INFO | EtlWorkerService | [DataLoader] Archivos temporales generados: 7
2026-03-16 15:24:52 | INFO | EtlWorkerService | [DataLoader] 5000 filas cargadas en dbo.StgCsvExtract.
2026-03-16 15:24:56 | INFO | EtlWorkerService | [DataLoader] 2000 filas cargadas en dbo.StgCsvExtract.
2026-03-16 15:26:01 | INFO | EtlWorkerService | [DataLoader] 20000 filas cargadas en dbo.StgCsvExtract.
2026-03-16 15:27:05 | INFO | EtlWorkerService | [DataLoader] 60161 filas cargadas en dbo.StgCsvExtract.
2026-03-16 15:27:07 | INFO | EtlWorkerService | [DataLoader] 20000 filas cargadas en dbo.StgDbExtract.
2026-03-16 15:27:08 | INFO | EtlWorkerService | [DataLoader] 5000 filas cargadas en dbo.StgDbExtract.
2026-03-16 15:27:08 | INFO | EtlWorkerService | [DataLoader] 500 filas cargadas en dbo.StgApiExtract.
2026-03-16 15:27:08 | INFO | EtlWorkerService | [DataLoader] Metricas de auditoria guardadas: 7
2026-03-16 15:27:08 | INFO | EtlWorkerService | Datasets extraidos: 7
2026-03-16 15:27:08 | INFO | EtlWorkerService | Total de filas extraidas: 112661
2026-03-16 15:27:08 | INFO | EtlWorkerService | Errores detectados: 0
2026-03-16 15:27:08 | INFO | EtlWorkerService | === Fin Worker ETL (batch=5e3fe317-a029-434a-8a35-db28dd0ca9c4) ===
2026-03-16 15:31:44 | INFO | EtlWorkerService | Configuracion cargada desde C:\Users\kalco\OneDrive\Documents\Electiva 1 y 2\ProcesoEtl\config\settings.json
2026-03-16 15:31:44 | INFO | EtlWorkerService | Base de datos objetivo: ProcesoETLDB
2026-03-16 15:31:44 | INFO | EtlWorkerService | === Inicio Worker ETL (batch=a16d7470-c6fe-406c-824a-0b9c3a9a44b2) ===
2026-03-16 15:31:46 | INFO | EtlWorkerService | [SQL] Lotes ejecutados: 10/28
2026-03-16 15:31:46 | INFO | EtlWorkerService | [SQL] Lotes ejecutados: 20/28
2026-03-16 15:31:47 | INFO | EtlWorkerService | [SQL] Esquema aplicado correctamente en la base ProcesoETLDB.
2026-03-16 15:31:50 | INFO | EtlWorkerService | [DataLoader] Tablas staging y auditoria limpiadas.
2026-03-16 15:31:50 | INFO | EtlWorkerService | [CsvExtractor] Archivo customers.csv extraido con 5000 filas.
2026-03-16 15:31:50 | INFO | EtlWorkerService | [CsvExtractor] Archivo products.csv extraido con 2000 filas.
2026-03-16 15:31:50 | INFO | EtlWorkerService | [CsvExtractor] Archivo orders.csv extraido con 20000 filas.
2026-03-16 15:31:50 | INFO | EtlWorkerService | [CsvExtractor] Archivo order_details.csv extraido con 60161 filas.
2026-03-16 15:31:51 | INFO | EtlWorkerService | [ApiExtractor] Endpoint /comments extrajo 500 filas.
2026-03-16 15:32:28 | INFO | EtlWorkerService | [DatabaseExtractor] Query orders_overview extrajo 20000 filas.
2026-03-16 15:32:28 | INFO | EtlWorkerService | [DatabaseExtractor] Query customer_activity extrajo 5000 filas.
2026-03-16 15:32:28 | INFO | EtlWorkerService | [DataLoader] Archivos temporales generados: 7
2026-03-16 15:32:39 | INFO | EtlWorkerService | [DataLoader] 5000 filas cargadas en dbo.StgCsvExtract.
2026-03-16 15:32:43 | INFO | EtlWorkerService | [DataLoader] 2000 filas cargadas en dbo.StgCsvExtract.
2026-03-16 15:34:04 | INFO | EtlWorkerService | [DataLoader] 20000 filas cargadas en dbo.StgCsvExtract.
2026-03-16 15:36:01 | INFO | EtlWorkerService | [DataLoader] 60161 filas cargadas en dbo.StgCsvExtract.
2026-03-16 15:37:17 | INFO | EtlWorkerService | [DataLoader] 20000 filas cargadas en dbo.StgDbExtract.
2026-03-16 15:37:50 | INFO | EtlWorkerService | [DataLoader] 5000 filas cargadas en dbo.StgDbExtract.
2026-03-16 15:37:53 | INFO | EtlWorkerService | [DataLoader] 500 filas cargadas en dbo.StgApiExtract.
2026-03-16 15:37:53 | INFO | EtlWorkerService | [DataLoader] Metricas de auditoria guardadas: 7
2026-03-16 15:37:53 | INFO | EtlWorkerService | Datasets extraidos: 7
2026-03-16 15:37:53 | INFO | EtlWorkerService | Total de filas extraidas: 112661
2026-03-16 15:37:53 | INFO | EtlWorkerService | Errores detectados: 0
2026-03-16 15:37:53 | INFO | EtlWorkerService | === Fin Worker ETL (batch=a16d7470-c6fe-406c-824a-0b9c3a9a44b2) ===
2026-03-16 15:47:36 | INFO | EtlWorkerService | Configuracion cargada desde C:\Users\kalco\OneDrive\Documents\Electiva 1 y 2\ProcesoEtl\config\settings.json
2026-03-16 15:47:36 | INFO | EtlWorkerService | Base de datos objetivo: ProcesoETLDB
2026-03-16 15:47:36 | INFO | EtlWorkerService | === Inicio Worker ETL (batch=99535238-9c96-45e6-b289-d261f63720e0) ===
2026-03-16 15:47:38 | INFO | EtlWorkerService | [SQL] Lotes ejecutados: 10/28
2026-03-16 15:47:38 | INFO | EtlWorkerService | [SQL] Lotes ejecutados: 20/28
2026-03-16 15:47:39 | INFO | EtlWorkerService | [SQL] Esquema aplicado correctamente en la base ProcesoETLDB.
2026-03-16 15:47:41 | INFO | EtlWorkerService | [DataLoader] Tablas staging y auditoria limpiadas.
2026-03-16 15:47:41 | INFO | EtlWorkerService | [CsvExtractor] Archivo customers.csv extraido con 5000 filas.
2026-03-16 15:47:41 | INFO | EtlWorkerService | [CsvExtractor] Archivo products.csv extraido con 2000 filas.
2026-03-16 15:47:41 | INFO | EtlWorkerService | [CsvExtractor] Archivo orders.csv extraido con 20000 filas.
2026-03-16 15:47:41 | INFO | EtlWorkerService | [CsvExtractor] Archivo order_details.csv extraido con 60161 filas.
2026-03-16 15:47:42 | INFO | EtlWorkerService | [ApiExtractor] Endpoint /comments extrajo 500 filas.
2026-03-16 15:48:18 | INFO | EtlWorkerService | [DatabaseExtractor] Query orders_overview extrajo 20000 filas.
2026-03-16 15:48:18 | INFO | EtlWorkerService | [DatabaseExtractor] Query customer_activity extrajo 5000 filas.
2026-03-16 15:48:19 | INFO | EtlWorkerService | [DataLoader] Archivos temporales generados: 7
2026-03-16 15:48:20 | INFO | EtlWorkerService | [DataLoader] 5000 filas cargadas en dbo.StgCsvExtract.
2026-03-16 15:48:20 | INFO | EtlWorkerService | [DataLoader] 2000 filas cargadas en dbo.StgCsvExtract.
2026-03-16 15:48:22 | INFO | EtlWorkerService | [DataLoader] 20000 filas cargadas en dbo.StgCsvExtract.
2026-03-16 15:48:28 | INFO | EtlWorkerService | [DataLoader] 60161 filas cargadas en dbo.StgCsvExtract.
2026-03-16 15:48:29 | INFO | EtlWorkerService | [DataLoader] 20000 filas cargadas en dbo.StgDbExtract.
2026-03-16 15:48:30 | INFO | EtlWorkerService | [DataLoader] 5000 filas cargadas en dbo.StgDbExtract.
2026-03-16 15:48:30 | INFO | EtlWorkerService | [DataLoader] 500 filas cargadas en dbo.StgApiExtract.
2026-03-16 15:48:30 | INFO | EtlWorkerService | [DataLoader] Metricas de auditoria guardadas: 7
2026-03-16 15:48:30 | INFO | EtlWorkerService | Datasets extraidos: 7
2026-03-16 15:48:30 | INFO | EtlWorkerService | Total de filas extraidas: 112661
2026-03-16 15:48:30 | INFO | EtlWorkerService | Errores detectados: 0
2026-03-16 15:48:30 | INFO | EtlWorkerService | === Fin Worker ETL (batch=99535238-9c96-45e6-b289-d261f63720e0) ===
2026-03-16 16:05:05 | INFO | EtlWorkerService | Configuracion cargada desde C:\Users\kalco\OneDrive\Documents\Electiva 1 y 2\ProcesoEtl\config\settings.json
2026-03-16 16:05:05 | INFO | EtlWorkerService | Base de datos objetivo: ProcesoETLDB
2026-03-16 16:05:05 | INFO | EtlWorkerService | === Inicio Worker ETL (batch=fc652c18-fdf6-41f5-9d1c-d1e9ad4de240) ===
2026-03-16 16:05:06 | INFO | EtlWorkerService | [SQL] Lotes ejecutados: 10/28
2026-03-16 16:05:07 | INFO | EtlWorkerService | [SQL] Lotes ejecutados: 20/28
2026-03-16 16:05:07 | INFO | EtlWorkerService | [SQL] Esquema aplicado correctamente en la base ProcesoETLDB.
2026-03-16 16:05:09 | INFO | EtlWorkerService | [DataLoader] Tablas staging y auditoria limpiadas.
2026-03-16 16:05:09 | INFO | EtlWorkerService | [CsvExtractor] Archivo customers.csv extraido con 5000 filas.
2026-03-16 16:05:09 | INFO | EtlWorkerService | [CsvExtractor] Archivo products.csv extraido con 2000 filas.
2026-03-16 16:05:09 | INFO | EtlWorkerService | [CsvExtractor] Archivo orders.csv extraido con 20000 filas.
2026-03-16 16:05:09 | INFO | EtlWorkerService | [CsvExtractor] Archivo order_details.csv extraido con 60161 filas.
2026-03-16 16:05:11 | INFO | EtlWorkerService | [ApiExtractor] Endpoint /comments extrajo 500 filas.
2026-03-16 16:05:49 | INFO | EtlWorkerService | [DatabaseExtractor] Query orders_overview extrajo 20000 filas.
2026-03-16 16:05:49 | INFO | EtlWorkerService | [DatabaseExtractor] Query customer_activity extrajo 5000 filas.
2026-03-16 16:05:49 | INFO | EtlWorkerService | [DataLoader] Archivos temporales generados: 7
2026-03-16 16:06:01 | INFO | EtlWorkerService | [DataLoader] 5000 filas cargadas en dbo.StgCsvExtract.
2026-03-16 16:06:03 | INFO | EtlWorkerService | [DataLoader] 2000 filas cargadas en dbo.StgCsvExtract.
2026-03-16 16:07:11 | INFO | EtlWorkerService | [DataLoader] 20000 filas cargadas en dbo.StgCsvExtract.
2026-03-16 16:09:57 | INFO | EtlWorkerService | [DataLoader] 60161 filas cargadas en dbo.StgCsvExtract.
2026-03-16 16:11:21 | INFO | EtlWorkerService | [DataLoader] 20000 filas cargadas en dbo.StgDbExtract.
2026-03-16 16:11:42 | INFO | EtlWorkerService | [DataLoader] 5000 filas cargadas en dbo.StgDbExtract.
2026-03-16 16:11:44 | INFO | EtlWorkerService | [DataLoader] 500 filas cargadas en dbo.StgApiExtract.
2026-03-16 16:11:44 | INFO | EtlWorkerService | [DataLoader] Metricas de auditoria guardadas: 7
2026-03-16 16:11:44 | INFO | EtlWorkerService | Datasets extraidos: 7
2026-03-16 16:11:44 | INFO | EtlWorkerService | Total de filas extraidas: 112661
2026-03-16 16:11:44 | INFO | EtlWorkerService | Errores detectados: 0
2026-03-16 16:11:44 | INFO | EtlWorkerService | === Fin Worker ETL (batch=fc652c18-fdf6-41f5-9d1c-d1e9ad4de240) ===
2026-03-16 16:48:04 | INFO | EtlWorkerService | Configuracion cargada desde C:\Users\kalco\OneDrive\Documents\Electiva 1 y 2\ProcesoEtl\config\settings.json
2026-03-16 16:48:04 | INFO | EtlWorkerService | Base de datos objetivo: ProcesoETLDB
2026-03-16 16:48:04 | INFO | EtlWorkerService | === Inicio Worker ETL (batch=eb2d9126-be24-4e09-8801-45fccacea079) ===
2026-03-16 16:48:06 | INFO | EtlWorkerService | [SQL] Lotes ejecutados: 10/28
2026-03-16 16:48:07 | INFO | EtlWorkerService | [SQL] Lotes ejecutados: 20/28
2026-03-16 16:48:07 | INFO | EtlWorkerService | [SQL] Esquema aplicado correctamente en la base ProcesoETLDB.
2026-03-16 16:48:07 | INFO | EtlWorkerService | [DataLoader] Tablas staging y auditoria limpiadas.
2026-03-16 16:48:07 | INFO | EtlWorkerService | [CsvExtractor] Archivo customers.csv extraido con 5000 filas.
2026-03-16 16:48:07 | INFO | EtlWorkerService | [CsvExtractor] Archivo products.csv extraido con 2000 filas.
2026-03-16 16:48:07 | INFO | EtlWorkerService | [CsvExtractor] Archivo orders.csv extraido con 20000 filas.
2026-03-16 16:48:07 | INFO | EtlWorkerService | [CsvExtractor] Archivo order_details.csv extraido con 60161 filas.
2026-03-16 16:48:07 | INFO | EtlWorkerService | [DatabaseExtractor] Query orders_overview extrajo 20000 filas.
2026-03-16 16:48:07 | INFO | EtlWorkerService | [DatabaseExtractor] Query customer_activity extrajo 5000 filas.
2026-03-16 16:48:08 | INFO | EtlWorkerService | [ApiExtractor] Endpoint /comments extrajo 500 filas.
2026-03-16 16:48:08 | INFO | EtlWorkerService | [DataLoader] Archivos temporales generados: 7
2026-03-16 16:48:16 | INFO | EtlWorkerService | [DataLoader] 5000 filas cargadas en dbo.StgCsvExtract.
2026-03-16 16:48:18 | INFO | EtlWorkerService | [DataLoader] 2000 filas cargadas en dbo.StgCsvExtract.
2026-03-16 16:49:19 | INFO | EtlWorkerService | [DataLoader] 20000 filas cargadas en dbo.StgCsvExtract.
2026-03-16 16:51:17 | INFO | EtlWorkerService | [DataLoader] 60161 filas cargadas en dbo.StgCsvExtract.
2026-03-16 16:54:35 | INFO | EtlWorkerService | Configuracion cargada desde C:\Users\kalco\OneDrive\Documents\Electiva 1 y 2\ProcesoEtl\config\settings.json
2026-03-16 16:54:35 | INFO | EtlWorkerService | Base de datos objetivo: ProcesoETLDB
2026-03-16 16:54:35 | INFO | EtlWorkerService | === Inicio Worker ETL (batch=2475d162-4329-4790-a36a-fa32f306ef5e) ===
2026-03-16 16:54:36 | INFO | EtlWorkerService | [SQL] Lotes ejecutados: 10/28
2026-03-16 16:54:36 | INFO | EtlWorkerService | [SQL] Lotes ejecutados: 20/28
2026-03-16 16:54:38 | INFO | EtlWorkerService | [SQL] Esquema aplicado correctamente en la base ProcesoETLDB.
2026-03-16 16:54:40 | INFO | EtlWorkerService | [DataLoader] Tablas staging y auditoria limpiadas.
2026-03-16 16:54:40 | INFO | EtlWorkerService | [CsvExtractor] Archivo customers.csv extraido con 5000 filas.
2026-03-16 16:54:40 | INFO | EtlWorkerService | [CsvExtractor] Archivo products.csv extraido con 2000 filas.
2026-03-16 16:54:40 | INFO | EtlWorkerService | [CsvExtractor] Archivo orders.csv extraido con 20000 filas.
2026-03-16 16:54:40 | INFO | EtlWorkerService | [CsvExtractor] Archivo order_details.csv extraido con 60161 filas.
2026-03-16 16:54:41 | INFO | EtlWorkerService | [ApiExtractor] Endpoint /comments extrajo 500 filas.
2026-03-16 16:55:20 | INFO | EtlWorkerService | [DatabaseExtractor] Query orders_overview extrajo 20000 filas.
2026-03-16 16:55:20 | INFO | EtlWorkerService | [DatabaseExtractor] Query customer_activity extrajo 5000 filas.
2026-03-16 16:55:21 | INFO | EtlWorkerService | [DataLoader] Archivos temporales generados: 7
2026-03-16 16:55:40 | INFO | EtlWorkerService | [DataLoader] 5000 filas cargadas en dbo.StgCsvExtract.
2026-03-16 16:55:42 | INFO | EtlWorkerService | [DataLoader] 2000 filas cargadas en dbo.StgCsvExtract.
2026-03-16 16:56:15 | INFO | EtlWorkerService | [DataLoader] 20000 filas cargadas en dbo.StgCsvExtract.
2026-03-16 16:56:21 | INFO | EtlWorkerService | [DataLoader] 60161 filas cargadas en dbo.StgCsvExtract.
2026-03-16 16:56:22 | INFO | EtlWorkerService | [DataLoader] 20000 filas cargadas en dbo.StgDbExtract.
2026-03-16 16:56:23 | INFO | EtlWorkerService | [DataLoader] 5000 filas cargadas en dbo.StgDbExtract.
2026-03-16 16:56:23 | INFO | EtlWorkerService | [DataLoader] 500 filas cargadas en dbo.StgApiExtract.
2026-03-16 16:56:23 | INFO | EtlWorkerService | [DataLoader] Metricas de auditoria guardadas: 7
2026-03-16 16:56:23 | INFO | EtlWorkerService | Datasets extraidos: 7
2026-03-16 16:56:23 | INFO | EtlWorkerService | Total de filas extraidas: 112661
2026-03-16 16:56:23 | INFO | EtlWorkerService | Errores detectados: 0
2026-03-16 16:56:23 | INFO | EtlWorkerService | === Fin Worker ETL (batch=2475d162-4329-4790-a36a-fa32f306ef5e) ===
2026-03-16 16:58:23 | INFO | EtlWorkerService | Configuracion cargada desde C:\Users\kalco\OneDrive\Documents\Electiva 1 y 2\ProcesoEtl\config\settings.json
2026-03-16 16:58:23 | INFO | EtlWorkerService | Base de datos objetivo: ProcesoETLDB
2026-03-16 16:58:23 | INFO | EtlWorkerService | === Inicio Worker ETL (batch=817bdcdc-8dc7-48ff-882a-13063932f1ac) ===
2026-03-16 16:58:24 | INFO | EtlWorkerService | [SQL] Lotes ejecutados: 10/28
2026-03-16 16:58:25 | INFO | EtlWorkerService | [SQL] Lotes ejecutados: 20/28
2026-03-16 16:58:25 | INFO | EtlWorkerService | [SQL] Esquema aplicado correctamente en la base ProcesoETLDB.
2026-03-16 16:58:28 | INFO | EtlWorkerService | [DataLoader] Tablas staging y auditoria limpiadas.
2026-03-16 16:58:28 | INFO | EtlWorkerService | [CsvExtractor] Archivo customers.csv extraido con 5000 filas.
2026-03-16 16:58:28 | INFO | EtlWorkerService | [CsvExtractor] Archivo products.csv extraido con 2000 filas.
2026-03-16 16:58:28 | INFO | EtlWorkerService | [CsvExtractor] Archivo orders.csv extraido con 20000 filas.
2026-03-16 16:58:28 | INFO | EtlWorkerService | [CsvExtractor] Archivo order_details.csv extraido con 60161 filas.
2026-03-16 16:58:29 | INFO | EtlWorkerService | [ApiExtractor] Endpoint /comments extrajo 500 filas.
2026-03-16 16:58:50 | INFO | EtlWorkerService | [DatabaseExtractor] Query orders_overview extrajo 20000 filas.
2026-03-16 16:58:50 | INFO | EtlWorkerService | [DatabaseExtractor] Query customer_activity extrajo 5000 filas.
2026-03-16 16:58:51 | INFO | EtlWorkerService | [DataLoader] Archivos temporales generados: 7
2026-03-16 16:59:00 | INFO | EtlWorkerService | [DataLoader] 5000 filas cargadas en dbo.StgCsvExtract.
2026-03-16 16:59:00 | INFO | EtlWorkerService | [DataLoader] 2000 filas cargadas en dbo.StgCsvExtract.
2026-03-16 16:59:05 | INFO | EtlWorkerService | [DataLoader] 20000 filas cargadas en dbo.StgCsvExtract.
2026-03-16 16:59:23 | INFO | EtlWorkerService | [DataLoader] 60161 filas cargadas en dbo.StgCsvExtract.
2026-03-16 16:59:25 | INFO | EtlWorkerService | [DataLoader] 20000 filas cargadas en dbo.StgDbExtract.
2026-03-16 16:59:26 | INFO | EtlWorkerService | [DataLoader] 5000 filas cargadas en dbo.StgDbExtract.
2026-03-16 16:59:26 | INFO | EtlWorkerService | [DataLoader] 500 filas cargadas en dbo.StgApiExtract.
2026-03-16 16:59:26 | INFO | EtlWorkerService | [DataLoader] Metricas de auditoria guardadas: 7
2026-03-16 16:59:26 | INFO | EtlWorkerService | Datasets extraidos: 7
2026-03-16 16:59:26 | INFO | EtlWorkerService | Total de filas extraidas: 112661
2026-03-16 16:59:26 | INFO | EtlWorkerService | Errores detectados: 0
2026-03-16 16:59:26 | INFO | EtlWorkerService | === Fin Worker ETL (batch=817bdcdc-8dc7-48ff-882a-13063932f1ac) ===
2026-03-16 17:11:34 | INFO | EtlWorkerService | Configuracion cargada desde C:\Users\kalco\OneDrive\Documents\Electiva 1 y 2\ProcesoEtl\config\settings.json
2026-03-16 17:11:34 | INFO | EtlWorkerService | Base de datos objetivo: ProcesoETLDB
2026-03-16 17:11:34 | INFO | EtlWorkerService | === Inicio Worker ETL (batch=b7791b27-e229-4887-adbd-2e658fc6605e) ===
2026-03-16 17:11:36 | INFO | EtlWorkerService | [SQL] Lotes ejecutados: 10/28
2026-03-16 17:11:37 | INFO | EtlWorkerService | [SQL] Lotes ejecutados: 20/28
2026-03-16 17:11:38 | INFO | EtlWorkerService | [SQL] Esquema aplicado correctamente en la base ProcesoETLDB.
2026-03-16 17:11:41 | INFO | EtlWorkerService | [DataLoader] Tablas staging y auditoria limpiadas.
2026-03-16 17:11:41 | INFO | EtlWorkerService | [CsvExtractor] Archivo customers.csv extraido con 5000 filas.
2026-03-16 17:11:41 | INFO | EtlWorkerService | [CsvExtractor] Archivo products.csv extraido con 2000 filas.
2026-03-16 17:11:41 | INFO | EtlWorkerService | [CsvExtractor] Archivo orders.csv extraido con 20000 filas.
2026-03-16 17:11:41 | INFO | EtlWorkerService | [CsvExtractor] Archivo order_details.csv extraido con 60161 filas.
2026-03-16 17:11:42 | INFO | EtlWorkerService | [ApiExtractor] Endpoint /comments extrajo 500 filas.
2026-03-16 17:12:20 | INFO | EtlWorkerService | [DatabaseExtractor] Query orders_overview extrajo 20000 filas.
2026-03-16 17:12:20 | INFO | EtlWorkerService | [DatabaseExtractor] Query customer_activity extrajo 5000 filas.
2026-03-16 17:12:21 | INFO | EtlWorkerService | [DataLoader] Archivos temporales generados: 7
2026-03-16 17:12:28 | INFO | EtlWorkerService | [DataLoader] 5000 filas cargadas en dbo.StgCsvExtract.
2026-03-16 17:12:31 | INFO | EtlWorkerService | [DataLoader] 2000 filas cargadas en dbo.StgCsvExtract.
2026-03-16 17:13:32 | INFO | EtlWorkerService | [DataLoader] 20000 filas cargadas en dbo.StgCsvExtract.
2026-03-16 17:16:00 | INFO | EtlWorkerService | [DataLoader] 60161 filas cargadas en dbo.StgCsvExtract.
2026-03-16 17:17:23 | INFO | EtlWorkerService | [DataLoader] 20000 filas cargadas en dbo.StgDbExtract.
2026-03-16 17:17:50 | INFO | EtlWorkerService | [DataLoader] 5000 filas cargadas en dbo.StgDbExtract.
2026-03-16 17:17:53 | INFO | EtlWorkerService | [DataLoader] 500 filas cargadas en dbo.StgApiExtract.
2026-03-16 17:17:53 | INFO | EtlWorkerService | [DataLoader] Metricas de auditoria guardadas: 7
2026-03-16 17:17:53 | INFO | EtlWorkerService | Datasets extraidos: 7
2026-03-16 17:17:53 | INFO | EtlWorkerService | Total de filas extraidas: 112661
2026-03-16 17:17:53 | INFO | EtlWorkerService | Errores detectados: 0
2026-03-16 17:17:53 | INFO | EtlWorkerService | === Fin Worker ETL (batch=b7791b27-e229-4887-adbd-2e658fc6605e) ===
2026-03-16 17:39:25 | INFO | EtlWorkerService | Configuracion cargada desde C:\Users\kalco\OneDrive\Documents\Electiva 1 y 2\ProcesoEtl\config\settings.json
2026-03-16 17:39:25 | INFO | EtlWorkerService | Base de datos objetivo: ProcesoETLDB
2026-03-16 17:39:25 | INFO | EtlWorkerService | === Inicio Worker ETL (batch=572fea20-46c8-4831-a134-c204fd83ac03) ===
2026-03-16 17:39:26 | INFO | EtlWorkerService | [SQL] Lotes ejecutados: 10/28
2026-03-16 17:39:27 | INFO | EtlWorkerService | [SQL] Lotes ejecutados: 20/28
2026-03-16 17:39:27 | INFO | EtlWorkerService | [SQL] Esquema aplicado correctamente en la base ProcesoETLDB.
2026-03-16 17:39:29 | INFO | EtlWorkerService | [DataLoader] Tablas staging y auditoria limpiadas.
2026-03-16 17:39:29 | INFO | EtlWorkerService | [CsvExtractor] Archivo customers.csv extraido con 5000 filas.
2026-03-16 17:39:29 | INFO | EtlWorkerService | [CsvExtractor] Archivo products.csv extraido con 2000 filas.
2026-03-16 17:39:29 | INFO | EtlWorkerService | [CsvExtractor] Archivo orders.csv extraido con 20000 filas.
2026-03-16 17:39:29 | INFO | EtlWorkerService | [CsvExtractor] Archivo order_details.csv extraido con 60161 filas.
2026-03-16 17:39:30 | INFO | EtlWorkerService | [ApiExtractor] Endpoint /comments extrajo 500 filas.
2026-03-16 17:40:06 | INFO | EtlWorkerService | [DatabaseExtractor] Query orders_overview extrajo 20000 filas.
2026-03-16 17:40:06 | INFO | EtlWorkerService | [DatabaseExtractor] Query customer_activity extrajo 5000 filas.
2026-03-16 17:40:06 | INFO | EtlWorkerService | [DataLoader] Archivos temporales generados: 7
2026-03-16 17:40:07 | INFO | EtlWorkerService | [DataLoader] 5000 filas cargadas en dbo.StgCsvExtract.
2026-03-16 17:40:08 | INFO | EtlWorkerService | [DataLoader] 2000 filas cargadas en dbo.StgCsvExtract.
2026-03-16 17:40:12 | INFO | EtlWorkerService | [DataLoader] 20000 filas cargadas en dbo.StgCsvExtract.
2026-03-16 17:40:37 | INFO | EtlWorkerService | [DataLoader] 60161 filas cargadas en dbo.StgCsvExtract.
2026-03-16 17:41:11 | INFO | EtlWorkerService | [DataLoader] 20000 filas cargadas en dbo.StgDbExtract.
2026-03-16 17:41:12 | INFO | EtlWorkerService | [DataLoader] 5000 filas cargadas en dbo.StgDbExtract.
2026-03-16 17:41:12 | INFO | EtlWorkerService | [DataLoader] 500 filas cargadas en dbo.StgApiExtract.
2026-03-16 17:41:12 | INFO | EtlWorkerService | [DataLoader] Metricas de auditoria guardadas: 7
2026-03-16 17:41:12 | INFO | EtlWorkerService | Datasets extraidos: 7
2026-03-16 17:41:12 | INFO | EtlWorkerService | Total de filas extraidas: 112661
2026-03-16 17:41:12 | INFO | EtlWorkerService | Errores detectados: 0
2026-03-16 17:41:12 | INFO | EtlWorkerService | === Fin Worker ETL (batch=572fea20-46c8-4831-a134-c204fd83ac03) ===
2026-03-16 17:46:34 | INFO | EtlWorkerService | Configuracion cargada desde C:\Users\kalco\OneDrive\Documents\Electiva 1 y 2\ProcesoEtl\config\settings.json
2026-03-16 17:46:34 | INFO | EtlWorkerService | Base de datos objetivo: ProcesoETLDB
2026-03-16 17:46:34 | INFO | EtlWorkerService | === Inicio Worker ETL (batch=4d2a6350-899b-415d-9c80-6128517f7280) ===
2026-03-16 17:46:36 | INFO | EtlWorkerService | [SQL] Lotes ejecutados: 10/28
2026-03-16 17:46:36 | INFO | EtlWorkerService | [SQL] Lotes ejecutados: 20/28
2026-03-16 17:46:36 | INFO | EtlWorkerService | [SQL] Esquema aplicado correctamente en la base ProcesoETLDB.
2026-03-16 17:46:37 | INFO | EtlWorkerService | [DataLoader] Tablas staging y auditoria limpiadas.
2026-03-16 17:46:37 | INFO | EtlWorkerService | [CsvExtractor] Archivo customers.csv extraido con 5000 filas.
2026-03-16 17:46:37 | INFO | EtlWorkerService | [CsvExtractor] Archivo products.csv extraido con 2000 filas.
2026-03-16 17:46:37 | INFO | EtlWorkerService | [CsvExtractor] Archivo orders.csv extraido con 20000 filas.
2026-03-16 17:46:37 | INFO | EtlWorkerService | [CsvExtractor] Archivo order_details.csv extraido con 60161 filas.
2026-03-16 17:46:38 | INFO | EtlWorkerService | [ApiExtractor] Endpoint /comments extrajo 500 filas.
2026-03-16 17:46:59 | INFO | EtlWorkerService | [DatabaseExtractor] Query orders_overview extrajo 20000 filas.
2026-03-16 17:46:59 | INFO | EtlWorkerService | [DatabaseExtractor] Query customer_activity extrajo 5000 filas.
2026-03-16 17:46:59 | INFO | EtlWorkerService | [DataLoader] Archivos temporales generados: 7
2026-03-16 17:47:00 | INFO | EtlWorkerService | [DataLoader] 5000 filas cargadas en dbo.StgCsvExtract.
2026-03-16 17:47:00 | INFO | EtlWorkerService | [DataLoader] 2000 filas cargadas en dbo.StgCsvExtract.
2026-03-16 17:47:03 | INFO | EtlWorkerService | [DataLoader] 20000 filas cargadas en dbo.StgCsvExtract.
2026-03-16 17:47:16 | INFO | EtlWorkerService | [DataLoader] 60161 filas cargadas en dbo.StgCsvExtract.
2026-03-16 17:47:18 | INFO | EtlWorkerService | [DataLoader] 20000 filas cargadas en dbo.StgDbExtract.
2026-03-16 17:47:19 | INFO | EtlWorkerService | [DataLoader] 5000 filas cargadas en dbo.StgDbExtract.
2026-03-16 17:47:19 | INFO | EtlWorkerService | [DataLoader] 500 filas cargadas en dbo.StgApiExtract.
2026-03-16 17:47:19 | INFO | EtlWorkerService | [DataLoader] Metricas de auditoria guardadas: 7
2026-03-16 17:47:19 | INFO | EtlWorkerService | Datasets extraidos: 7
2026-03-16 17:47:19 | INFO | EtlWorkerService | Total de filas extraidas: 112661
2026-03-16 17:47:19 | INFO | EtlWorkerService | Errores detectados: 0
2026-03-16 17:47:19 | INFO | EtlWorkerService | === Fin Worker ETL (batch=4d2a6350-899b-415d-9c80-6128517f7280) ===
2026-03-16 17:51:04 | INFO | EtlWorkerService | Configuracion cargada desde C:\Users\kalco\OneDrive\Documents\Electiva 1 y 2\ProcesoEtl\config\settings.json
2026-03-16 17:51:04 | INFO | EtlWorkerService | Base de datos objetivo: ProcesoETLDB
2026-03-16 17:51:04 | INFO | EtlWorkerService | === Inicio Worker ETL (batch=21d45489-3282-4b4a-835f-649e37fba5ad) ===
2026-03-16 17:51:05 | INFO | EtlWorkerService | [SQL] Lotes ejecutados: 10/28
2026-03-16 17:51:05 | INFO | EtlWorkerService | [SQL] Lotes ejecutados: 20/28
2026-03-16 17:51:06 | INFO | EtlWorkerService | [SQL] Esquema aplicado correctamente en la base ProcesoETLDB.
2026-03-16 17:51:07 | INFO | EtlWorkerService | [DataLoader] Tablas staging y auditoria limpiadas.
2026-03-16 17:51:07 | INFO | EtlWorkerService | [CsvExtractor] Archivo customers.csv extraido con 5000 filas.
2026-03-16 17:51:07 | INFO | EtlWorkerService | [CsvExtractor] Archivo products.csv extraido con 2000 filas.
2026-03-16 17:51:07 | INFO | EtlWorkerService | [CsvExtractor] Archivo orders.csv extraido con 20000 filas.
2026-03-16 17:51:07 | INFO | EtlWorkerService | [CsvExtractor] Archivo order_details.csv extraido con 60161 filas.
2026-03-16 17:51:08 | INFO | EtlWorkerService | [ApiExtractor] Endpoint /comments extrajo 500 filas.
2026-03-16 17:51:45 | INFO | EtlWorkerService | [DatabaseExtractor] Query orders_overview extrajo 20000 filas.
2026-03-16 17:51:45 | INFO | EtlWorkerService | [DatabaseExtractor] Query customer_activity extrajo 5000 filas.
2026-03-16 17:51:46 | INFO | EtlWorkerService | [DataLoader] Archivos temporales generados: 7
2026-03-16 17:51:55 | INFO | EtlWorkerService | [DataLoader] 5000 filas cargadas en dbo.StgCsvExtract.
2026-03-16 17:51:55 | INFO | EtlWorkerService | [DataLoader] 2000 filas cargadas en dbo.StgCsvExtract.
2026-03-16 17:51:56 | INFO | EtlWorkerService | [DataLoader] 20000 filas cargadas en dbo.StgCsvExtract.
2026-03-16 17:52:01 | INFO | EtlWorkerService | [DataLoader] 60161 filas cargadas en dbo.StgCsvExtract.
2026-03-16 17:52:03 | INFO | EtlWorkerService | [DataLoader] 20000 filas cargadas en dbo.StgDbExtract.
2026-03-16 17:52:04 | INFO | EtlWorkerService | [DataLoader] 5000 filas cargadas en dbo.StgDbExtract.
2026-03-16 17:52:04 | INFO | EtlWorkerService | [DataLoader] 500 filas cargadas en dbo.StgApiExtract.
2026-03-16 17:52:04 | INFO | EtlWorkerService | [DataLoader] Metricas de auditoria guardadas: 7
2026-03-16 17:52:04 | INFO | EtlWorkerService | Datasets extraidos: 7
2026-03-16 17:52:04 | INFO | EtlWorkerService | Total de filas extraidas: 112661
2026-03-16 17:52:04 | INFO | EtlWorkerService | Errores detectados: 0
2026-03-16 17:52:04 | INFO | EtlWorkerService | === Fin Worker ETL (batch=21d45489-3282-4b4a-835f-649e37fba5ad) ===
2026-03-16 17:56:15 | INFO | EtlWorkerService | Configuracion cargada desde C:\Users\kalco\OneDrive\Documents\Electiva 1 y 2\ProcesoEtl\config\settings.json
2026-03-16 17:56:15 | INFO | EtlWorkerService | Base de datos objetivo: ProcesoETLDB
2026-03-16 17:56:15 | INFO | EtlWorkerService | === Inicio Worker ETL (batch=f7ce820d-db72-4805-8d0e-b0908557b78e) ===
2026-03-16 17:56:17 | INFO | EtlWorkerService | [SQL] Lotes ejecutados: 10/28
2026-03-16 17:56:18 | INFO | EtlWorkerService | [SQL] Lotes ejecutados: 20/28
2026-03-16 17:56:18 | INFO | EtlWorkerService | [SQL] Esquema aplicado correctamente en la base ProcesoETLDB.
2026-03-16 17:56:21 | INFO | EtlWorkerService | [DataLoader] Tablas staging y auditoria limpiadas.
2026-03-16 17:56:21 | INFO | EtlWorkerService | [CsvExtractor] Archivo customers.csv extraido con 5000 filas.
2026-03-16 17:56:21 | INFO | EtlWorkerService | [CsvExtractor] Archivo products.csv extraido con 2000 filas.
2026-03-16 17:56:21 | INFO | EtlWorkerService | [CsvExtractor] Archivo orders.csv extraido con 20000 filas.
2026-03-16 17:56:21 | INFO | EtlWorkerService | [CsvExtractor] Archivo order_details.csv extraido con 60161 filas.
2026-03-16 17:56:22 | INFO | EtlWorkerService | [ApiExtractor] Endpoint /comments extrajo 500 filas.
2026-03-16 17:57:02 | INFO | EtlWorkerService | [DatabaseExtractor] Query orders_overview extrajo 20000 filas.
2026-03-16 17:57:03 | INFO | EtlWorkerService | [DatabaseExtractor] Query customer_activity extrajo 5000 filas.
2026-03-16 17:57:03 | INFO | EtlWorkerService | [DataLoader] Archivos temporales generados: 7
2026-03-16 17:57:15 | INFO | EtlWorkerService | [DataLoader] 5000 filas cargadas en dbo.StgCsvExtract.
2026-03-16 17:57:17 | INFO | EtlWorkerService | [DataLoader] 2000 filas cargadas en dbo.StgCsvExtract.
2026-03-16 17:57:49 | INFO | EtlWorkerService | [DataLoader] 20000 filas cargadas en dbo.StgCsvExtract.
2026-03-16 17:57:55 | INFO | EtlWorkerService | [DataLoader] 60161 filas cargadas en dbo.StgCsvExtract.
2026-03-16 17:57:57 | INFO | EtlWorkerService | [DataLoader] 20000 filas cargadas en dbo.StgDbExtract.
2026-03-16 17:57:57 | INFO | EtlWorkerService | [DataLoader] 5000 filas cargadas en dbo.StgDbExtract.
2026-03-16 17:57:58 | INFO | EtlWorkerService | [DataLoader] 500 filas cargadas en dbo.StgApiExtract.
2026-03-16 17:57:58 | INFO | EtlWorkerService | [DataLoader] Metricas de auditoria guardadas: 7
2026-03-16 17:57:58 | INFO | EtlWorkerService | Datasets extraidos: 7
2026-03-16 17:57:58 | INFO | EtlWorkerService | Total de filas extraidas: 112661
2026-03-16 17:57:58 | INFO | EtlWorkerService | Errores detectados: 0
2026-03-16 17:57:58 | INFO | EtlWorkerService | === Fin Worker ETL (batch=f7ce820d-db72-4805-8d0e-b0908557b78e) ===
2026-03-16 18:08:15 | INFO | EtlWorkerService | Configuracion cargada desde C:\Users\kalco\OneDrive\Documents\Electiva 1 y 2\ProcesoEtl\config\settings.json
2026-03-16 18:08:15 | INFO | EtlWorkerService | Base de datos objetivo: ProcesoETLDB
2026-03-16 18:08:15 | INFO | EtlWorkerService | === Inicio Worker ETL (batch=6c95e6b3-ce6e-43ff-a640-b4898adf09da) ===
2026-03-16 18:08:16 | INFO | EtlWorkerService | [SQL] Lotes ejecutados: 10/28
2026-03-16 18:08:16 | INFO | EtlWorkerService | [SQL] Lotes ejecutados: 20/28
2026-03-16 18:08:17 | INFO | EtlWorkerService | [SQL] Esquema aplicado correctamente en la base ProcesoETLDB.
2026-03-16 18:08:18 | INFO | EtlWorkerService | [DataLoader] Tablas staging y auditoria limpiadas.
2026-03-16 18:08:18 | INFO | EtlWorkerService | [CsvExtractor] Archivo customers.csv extraido con 5000 filas.
2026-03-16 18:08:18 | INFO | EtlWorkerService | [CsvExtractor] Archivo products.csv extraido con 2000 filas.
2026-03-16 18:08:18 | INFO | EtlWorkerService | [CsvExtractor] Archivo orders.csv extraido con 20000 filas.
2026-03-16 18:08:18 | INFO | EtlWorkerService | [CsvExtractor] Archivo order_details.csv extraido con 60161 filas.
2026-03-16 18:08:19 | INFO | EtlWorkerService | [ApiExtractor] Endpoint /comments extrajo 500 filas.
2026-03-16 18:08:59 | INFO | EtlWorkerService | [DatabaseExtractor] Query orders_overview extrajo 20000 filas.
2026-03-16 18:08:59 | INFO | EtlWorkerService | [DatabaseExtractor] Query customer_activity extrajo 5000 filas.
2026-03-16 18:08:59 | INFO | EtlWorkerService | [DataLoader] Archivos temporales generados: 7
2026-03-16 18:09:09 | INFO | EtlWorkerService | [DataLoader] 5000 filas cargadas en dbo.StgCsvExtract.
2026-03-16 18:09:12 | INFO | EtlWorkerService | [DataLoader] 2000 filas cargadas en dbo.StgCsvExtract.
2026-03-16 18:10:40 | INFO | EtlWorkerService | [DataLoader] 20000 filas cargadas en dbo.StgCsvExtract.
2026-03-16 18:12:17 | INFO | EtlWorkerService | [DataLoader] 60161 filas cargadas en dbo.StgCsvExtract.
2026-03-16 18:12:19 | INFO | EtlWorkerService | [DataLoader] 20000 filas cargadas en dbo.StgDbExtract.
2026-03-16 18:12:20 | INFO | EtlWorkerService | [DataLoader] 5000 filas cargadas en dbo.StgDbExtract.
2026-03-16 18:12:20 | INFO | EtlWorkerService | [DataLoader] 500 filas cargadas en dbo.StgApiExtract.
2026-03-16 18:12:20 | INFO | EtlWorkerService | [DataLoader] Metricas de auditoria guardadas: 7
2026-03-16 18:12:20 | INFO | EtlWorkerService | Datasets extraidos: 7
2026-03-16 18:12:20 | INFO | EtlWorkerService | Total de filas extraidas: 112661
2026-03-16 18:12:20 | INFO | EtlWorkerService | Errores detectados: 0
2026-03-16 18:12:20 | INFO | EtlWorkerService | === Fin Worker ETL (batch=6c95e6b3-ce6e-43ff-a640-b4898adf09da) ===
2026-03-16 18:23:36 | INFO | EtlWorkerService | Configuracion cargada desde C:\Users\kalco\OneDrive\Documents\Electiva 1 y 2\ProcesoEtl\config\settings.json
2026-03-16 18:23:36 | INFO | EtlWorkerService | Base de datos objetivo: ProcesoETLDB
2026-03-16 18:23:36 | INFO | EtlWorkerService | === Inicio Worker ETL (batch=23733876-52db-4be8-934f-5659f52019db) ===
2026-03-16 18:23:38 | INFO | EtlWorkerService | [SQL] Lotes ejecutados: 10/28
2026-03-16 18:23:38 | INFO | EtlWorkerService | [SQL] Lotes ejecutados: 20/28
2026-03-16 18:23:39 | INFO | EtlWorkerService | [SQL] Esquema aplicado correctamente en la base ProcesoETLDB.
2026-03-16 18:23:40 | INFO | EtlWorkerService | [DataLoader] Tablas staging y auditoria limpiadas.
2026-03-16 18:23:40 | INFO | EtlWorkerService | [CsvExtractor] Archivo customers.csv extraido con 5000 filas.
2026-03-16 18:23:40 | INFO | EtlWorkerService | [CsvExtractor] Archivo products.csv extraido con 2000 filas.
2026-03-16 18:23:40 | INFO | EtlWorkerService | [CsvExtractor] Archivo orders.csv extraido con 20000 filas.
2026-03-16 18:23:40 | INFO | EtlWorkerService | [CsvExtractor] Archivo order_details.csv extraido con 60161 filas.
2026-03-16 18:23:41 | INFO | EtlWorkerService | [ApiExtractor] Endpoint /comments extrajo 500 filas.
2026-03-16 18:24:21 | INFO | EtlWorkerService | [DatabaseExtractor] Query orders_overview extrajo 20000 filas.
2026-03-16 18:24:21 | INFO | EtlWorkerService | [DatabaseExtractor] Query customer_activity extrajo 5000 filas.
2026-03-16 18:24:21 | INFO | EtlWorkerService | [DataLoader] Archivos temporales generados: 7
2026-03-16 18:24:43 | INFO | EtlWorkerService | [DataLoader] 5000 filas cargadas en dbo.StgCsvExtract.
2026-03-16 18:24:46 | INFO | EtlWorkerService | [DataLoader] 2000 filas cargadas en dbo.StgCsvExtract.
2026-03-16 18:26:08 | INFO | EtlWorkerService | [DataLoader] 20000 filas cargadas en dbo.StgCsvExtract.
2026-03-16 18:27:37 | INFO | EtlWorkerService | [DataLoader] 60161 filas cargadas en dbo.StgCsvExtract.
2026-03-16 18:29:03 | INFO | EtlWorkerService | [DataLoader] 20000 filas cargadas en dbo.StgDbExtract.
2026-03-16 18:29:24 | INFO | EtlWorkerService | [DataLoader] 5000 filas cargadas en dbo.StgDbExtract.
2026-03-16 18:29:26 | INFO | EtlWorkerService | [DataLoader] 500 filas cargadas en dbo.StgApiExtract.
2026-03-16 18:29:26 | INFO | EtlWorkerService | [DataLoader] Metricas de auditoria guardadas: 7
2026-03-16 18:29:26 | INFO | EtlWorkerService | Datasets extraidos: 7
2026-03-16 18:29:26 | INFO | EtlWorkerService | Total de filas extraidas: 112661
2026-03-16 18:29:26 | INFO | EtlWorkerService | Errores detectados: 0
2026-03-16 18:29:26 | INFO | EtlWorkerService | === Fin Worker ETL (batch=23733876-52db-4be8-934f-5659f52019db) ===
2026-03-17 15:54:57 | INFO | EtlWorkerService | Configuracion cargada desde C:\Users\kalco\OneDrive\Documents\Electiva 1 y 2\ProcesoEtl\config\settings.json
2026-03-17 15:54:57 | INFO | EtlWorkerService | Base de datos objetivo: ProcesoETLDB
2026-03-17 15:54:58 | INFO | EtlWorkerService | === Inicio Worker ETL (batch=b7b3f0d3-3991-4648-98ed-8169b8e75343) ===
2026-03-17 15:55:00 | INFO | EtlWorkerService | [SQL] Lotes ejecutados: 10/28
2026-03-17 15:55:01 | INFO | EtlWorkerService | [SQL] Lotes ejecutados: 20/28
2026-03-17 15:55:02 | INFO | EtlWorkerService | [SQL] Esquema aplicado correctamente en la base ProcesoETLDB.
2026-03-17 15:55:04 | INFO | EtlWorkerService | [DataLoader] Tablas staging y auditoria limpiadas.
2026-03-17 15:55:04 | INFO | EtlWorkerService | [CsvExtractor] Archivo customers.csv extraido con 5000 filas.
2026-03-17 15:55:04 | INFO | EtlWorkerService | [CsvExtractor] Archivo products.csv extraido con 2000 filas.
2026-03-17 15:55:04 | INFO | EtlWorkerService | [CsvExtractor] Archivo orders.csv extraido con 20000 filas.
2026-03-17 15:55:04 | INFO | EtlWorkerService | [CsvExtractor] Archivo order_details.csv extraido con 60161 filas.
2026-03-17 15:55:05 | INFO | EtlWorkerService | [ApiExtractor] Endpoint /comments extrajo 500 filas.
2026-03-17 15:55:11 | INFO | EtlWorkerService | [DatabaseExtractor] Query orders_overview extrajo 20000 filas.
2026-03-17 15:55:11 | INFO | EtlWorkerService | [DatabaseExtractor] Query customer_activity extrajo 5000 filas.
2026-03-17 15:55:11 | INFO | EtlWorkerService | [DataLoader] Archivos temporales generados: 7
2026-03-17 15:55:14 | INFO | EtlWorkerService | [DataLoader] 5000 filas cargadas en dbo.StgCsvExtract.
2026-03-17 15:55:14 | INFO | EtlWorkerService | [DataLoader] 2000 filas cargadas en dbo.StgCsvExtract.
2026-03-17 15:55:23 | INFO | EtlWorkerService | [DataLoader] 20000 filas cargadas en dbo.StgCsvExtract.
2026-03-17 15:55:30 | INFO | EtlWorkerService | [DataLoader] 60161 filas cargadas en dbo.StgCsvExtract.
2026-03-17 15:55:32 | INFO | EtlWorkerService | [DataLoader] 20000 filas cargadas en dbo.StgDbExtract.
2026-03-17 15:55:32 | INFO | EtlWorkerService | [DataLoader] 5000 filas cargadas en dbo.StgDbExtract.
2026-03-17 15:55:32 | INFO | EtlWorkerService | [DataLoader] 500 filas cargadas en dbo.StgApiExtract.
2026-03-17 15:55:32 | INFO | EtlWorkerService | [DataLoader] Metricas de auditoria guardadas: 7
2026-03-17 15:55:32 | INFO | EtlWorkerService | Datasets extraidos: 7
2026-03-17 15:55:32 | INFO | EtlWorkerService | Total de filas extraidas: 112661
2026-03-17 15:55:32 | INFO | EtlWorkerService | Errores detectados: 0
2026-03-17 15:55:32 | INFO | EtlWorkerService | === Fin Worker ETL (batch=b7b3f0d3-3991-4648-98ed-8169b8e75343) ===
2026-03-17 16:09:36 | INFO | EtlWorkerService | Configuracion cargada desde C:\Users\kalco\OneDrive\Documents\Electiva 1 y 2\ProcesoEtl\config\settings.json
2026-03-17 16:09:36 | INFO | EtlWorkerService | Base de datos objetivo: ProcesoETLDB
2026-03-17 16:09:36 | INFO | EtlWorkerService | === Inicio Worker ETL (batch=b7048e20-5d7c-4fd2-923a-adaf5e33634d) ===
2026-03-17 16:09:38 | INFO | EtlWorkerService | [SQL] Lotes ejecutados: 10/28
2026-03-17 16:09:39 | INFO | EtlWorkerService | [SQL] Lotes ejecutados: 20/28
2026-03-17 16:09:40 | INFO | EtlWorkerService | [SQL] Esquema aplicado correctamente en la base ProcesoETLDB.
2026-03-17 16:09:41 | INFO | EtlWorkerService | [DataLoader] Tablas staging y auditoria limpiadas.
2026-03-17 16:09:41 | INFO | EtlWorkerService | [CsvExtractor] Archivo customers.csv extraido con 5000 filas.
2026-03-17 16:09:41 | INFO | EtlWorkerService | [CsvExtractor] Archivo products.csv extraido con 2000 filas.
2026-03-17 16:09:41 | INFO | EtlWorkerService | [CsvExtractor] Archivo orders.csv extraido con 20000 filas.
2026-03-17 16:09:41 | INFO | EtlWorkerService | [CsvExtractor] Archivo order_details.csv extraido con 60161 filas.
2026-03-17 16:09:42 | INFO | EtlWorkerService | [ApiExtractor] Endpoint /comments extrajo 500 filas.
2026-03-17 16:10:18 | INFO | EtlWorkerService | [DatabaseExtractor] Query orders_overview extrajo 20000 filas.
2026-03-17 16:10:19 | INFO | EtlWorkerService | [DatabaseExtractor] Query customer_activity extrajo 5000 filas.
2026-03-17 16:10:19 | INFO | EtlWorkerService | [DataLoader] Archivos temporales generados: 7
2026-03-17 16:10:29 | INFO | EtlWorkerService | [DataLoader] 5000 filas cargadas en dbo.StgCsvExtract.
2026-03-17 16:10:29 | INFO | EtlWorkerService | [DataLoader] 2000 filas cargadas en dbo.StgCsvExtract.
2026-03-17 16:10:32 | INFO | EtlWorkerService | [DataLoader] 20000 filas cargadas en dbo.StgCsvExtract.
2026-03-17 16:10:55 | INFO | EtlWorkerService | [DataLoader] 60161 filas cargadas en dbo.StgCsvExtract.
2026-03-17 16:10:57 | INFO | EtlWorkerService | [DataLoader] 20000 filas cargadas en dbo.StgDbExtract.
2026-03-17 16:10:58 | INFO | EtlWorkerService | [DataLoader] 5000 filas cargadas en dbo.StgDbExtract.
2026-03-17 16:10:58 | INFO | EtlWorkerService | [DataLoader] 500 filas cargadas en dbo.StgApiExtract.
2026-03-17 16:10:58 | INFO | EtlWorkerService | [DataLoader] Metricas de auditoria guardadas: 7
2026-03-17 16:10:58 | INFO | EtlWorkerService | Datasets extraidos: 7
2026-03-17 16:10:58 | INFO | EtlWorkerService | Total de filas extraidas: 112661
2026-03-17 16:10:58 | INFO | EtlWorkerService | Errores detectados: 0
2026-03-17 16:10:58 | INFO | EtlWorkerService | === Fin Worker ETL (batch=b7048e20-5d7c-4fd2-923a-adaf5e33634d) ===
2026-03-17 16:26:29 | INFO | EtlWorkerService | Configuracion cargada desde C:\Users\kalco\OneDrive\Documents\Electiva 1 y 2\ProcesoEtl\config\settings.json
2026-03-17 16:26:29 | INFO | EtlWorkerService | Base de datos objetivo: ProcesoETLDB
2026-03-17 16:26:29 | INFO | EtlWorkerService | === Inicio Worker ETL (batch=c68b2a3b-54a7-49ca-8283-76b2565e1b61) ===
2026-03-17 16:26:31 | INFO | EtlWorkerService | [SQL] Lotes ejecutados: 10/28
2026-03-17 16:26:32 | INFO | EtlWorkerService | [SQL] Lotes ejecutados: 20/28
2026-03-17 16:26:33 | INFO | EtlWorkerService | [SQL] Esquema aplicado correctamente en la base ProcesoETLDB.
2026-03-17 16:26:36 | INFO | EtlWorkerService | [DataLoader] Tablas staging y auditoria limpiadas.
2026-03-17 16:26:36 | INFO | EtlWorkerService | [CsvExtractor] Archivo customers.csv extraido con 5000 filas.
2026-03-17 16:26:36 | INFO | EtlWorkerService | [CsvExtractor] Archivo products.csv extraido con 2000 filas.
2026-03-17 16:26:36 | INFO | EtlWorkerService | [CsvExtractor] Archivo orders.csv extraido con 20000 filas.
2026-03-17 16:26:36 | INFO | EtlWorkerService | [CsvExtractor] Archivo order_details.csv extraido con 60161 filas.
2026-03-17 16:26:37 | INFO | EtlWorkerService | [ApiExtractor] Endpoint /comments extrajo 500 filas.
2026-03-17 16:27:14 | INFO | EtlWorkerService | [DatabaseExtractor] Query orders_overview extrajo 20000 filas.
2026-03-17 16:27:14 | INFO | EtlWorkerService | [DatabaseExtractor] Query customer_activity extrajo 5000 filas.
2026-03-17 16:27:15 | INFO | EtlWorkerService | [DataLoader] Archivos temporales generados: 7
2026-03-17 16:27:16 | INFO | EtlWorkerService | [DataLoader] 5000 filas cargadas en dbo.StgCsvExtract.
2026-03-17 16:27:16 | INFO | EtlWorkerService | [DataLoader] 2000 filas cargadas en dbo.StgCsvExtract.
2026-03-17 16:27:21 | INFO | EtlWorkerService | [DataLoader] 20000 filas cargadas en dbo.StgCsvExtract.
2026-03-17 16:27:36 | INFO | EtlWorkerService | [DataLoader] 60161 filas cargadas en dbo.StgCsvExtract.
2026-03-17 16:27:49 | INFO | EtlWorkerService | [DataLoader] 20000 filas cargadas en dbo.StgDbExtract.
2026-03-17 16:27:50 | INFO | EtlWorkerService | [DataLoader] 5000 filas cargadas en dbo.StgDbExtract.
2026-03-17 16:27:50 | INFO | EtlWorkerService | [DataLoader] 500 filas cargadas en dbo.StgApiExtract.
2026-03-17 16:27:50 | INFO | EtlWorkerService | [DataLoader] Metricas de auditoria guardadas: 7
2026-03-17 16:27:50 | INFO | EtlWorkerService | Datasets extraidos: 7
2026-03-17 16:27:50 | INFO | EtlWorkerService | Total de filas extraidas: 112661
2026-03-17 16:27:50 | INFO | EtlWorkerService | Errores detectados: 0
2026-03-17 16:27:50 | INFO | EtlWorkerService | === Fin Worker ETL (batch=c68b2a3b-54a7-49ca-8283-76b2565e1b61) ===
2026-03-17 16:40:59 | INFO | EtlWorkerService | Configuracion cargada desde C:\Users\kalco\OneDrive\Documents\Electiva 1 y 2\ProcesoEtl\config\settings.json
2026-03-17 16:40:59 | INFO | EtlWorkerService | Base de datos objetivo: ProcesoETLDB
2026-03-17 16:40:59 | INFO | EtlWorkerService | === Inicio Worker ETL (batch=0974f103-2f72-4c20-a95e-f9861979b91d) ===
2026-03-17 16:41:01 | INFO | EtlWorkerService | [SQL] Lotes ejecutados: 10/28
2026-03-17 16:41:01 | INFO | EtlWorkerService | [SQL] Lotes ejecutados: 20/28
2026-03-17 16:41:02 | INFO | EtlWorkerService | [SQL] Esquema aplicado correctamente en la base ProcesoETLDB.
2026-03-17 16:41:04 | INFO | EtlWorkerService | [DataLoader] Tablas staging y auditoria limpiadas.
2026-03-17 16:41:04 | INFO | EtlWorkerService | [CsvExtractor] Archivo customers.csv extraido con 5000 filas.
2026-03-17 16:41:04 | INFO | EtlWorkerService | [CsvExtractor] Archivo products.csv extraido con 2000 filas.
2026-03-17 16:41:04 | INFO | EtlWorkerService | [CsvExtractor] Archivo orders.csv extraido con 20000 filas.
2026-03-17 16:41:04 | INFO | EtlWorkerService | [CsvExtractor] Archivo order_details.csv extraido con 60161 filas.
2026-03-17 16:41:05 | INFO | EtlWorkerService | [ApiExtractor] Endpoint /comments extrajo 500 filas.
2026-03-17 16:41:44 | INFO | EtlWorkerService | [DatabaseExtractor] Query orders_overview extrajo 20000 filas.
2026-03-17 16:41:44 | INFO | EtlWorkerService | [DatabaseExtractor] Query customer_activity extrajo 5000 filas.
2026-03-17 16:41:45 | INFO | EtlWorkerService | [DataLoader] Archivos temporales generados: 7
2026-03-17 16:41:56 | INFO | EtlWorkerService | [DataLoader] 5000 filas cargadas en dbo.StgCsvExtract.
2026-03-17 16:41:56 | INFO | EtlWorkerService | [DataLoader] 2000 filas cargadas en dbo.StgCsvExtract.
2026-03-17 16:41:58 | INFO | EtlWorkerService | [DataLoader] 20000 filas cargadas en dbo.StgCsvExtract.
2026-03-17 16:42:09 | INFO | EtlWorkerService | [DataLoader] 60161 filas cargadas en dbo.StgCsvExtract.
2026-03-17 16:42:12 | INFO | EtlWorkerService | [DataLoader] 20000 filas cargadas en dbo.StgDbExtract.
2026-03-17 16:42:13 | INFO | EtlWorkerService | [DataLoader] 5000 filas cargadas en dbo.StgDbExtract.
2026-03-17 16:42:13 | INFO | EtlWorkerService | [DataLoader] 500 filas cargadas en dbo.StgApiExtract.
2026-03-17 16:42:13 | INFO | EtlWorkerService | [DataLoader] Metricas de auditoria guardadas: 7
2026-03-17 16:42:13 | INFO | EtlWorkerService | Datasets extraidos: 7
2026-03-17 16:42:13 | INFO | EtlWorkerService | Total de filas extraidas: 112661
2026-03-17 16:42:13 | INFO | EtlWorkerService | Errores detectados: 0
2026-03-17 16:42:13 | INFO | EtlWorkerService | === Fin Worker ETL (batch=0974f103-2f72-4c20-a95e-f9861979b91d) ===
2026-03-17 16:51:59 | INFO | EtlWorkerService | Configuracion cargada desde C:\Users\kalco\OneDrive\Documents\Electiva 1 y 2\ProcesoEtl\config\settings.json
2026-03-17 16:51:59 | INFO | EtlWorkerService | Base de datos objetivo: ProcesoETLDB
2026-03-17 16:51:59 | INFO | EtlWorkerService | === Inicio Worker ETL (batch=ff4b582f-ed2d-4309-85d2-ca439a00d755) ===
2026-03-17 16:52:01 | INFO | EtlWorkerService | [SQL] Lotes ejecutados: 10/28
2026-03-17 16:52:02 | INFO | EtlWorkerService | [SQL] Lotes ejecutados: 20/28
2026-03-17 16:52:04 | INFO | EtlWorkerService | [SQL] Esquema aplicado correctamente en la base ProcesoETLDB.
2026-03-17 16:52:07 | INFO | EtlWorkerService | [DataLoader] Tablas staging y auditoria limpiadas.
2026-03-17 16:52:07 | INFO | EtlWorkerService | [CsvExtractor] Archivo customers.csv extraido con 5000 filas.
2026-03-17 16:52:07 | INFO | EtlWorkerService | [CsvExtractor] Archivo products.csv extraido con 2000 filas.
2026-03-17 16:52:08 | INFO | EtlWorkerService | [CsvExtractor] Archivo orders.csv extraido con 20000 filas.
2026-03-17 16:52:08 | INFO | EtlWorkerService | [CsvExtractor] Archivo order_details.csv extraido con 60161 filas.
2026-03-17 16:52:08 | INFO | EtlWorkerService | [ApiExtractor] Endpoint /comments extrajo 500 filas.
2026-03-17 16:52:45 | INFO | EtlWorkerService | [DatabaseExtractor] Query orders_overview extrajo 20000 filas.
2026-03-17 16:52:45 | INFO | EtlWorkerService | [DatabaseExtractor] Query customer_activity extrajo 5000 filas.
2026-03-17 16:52:45 | INFO | EtlWorkerService | [DataLoader] Archivos temporales generados: 7
2026-03-17 16:52:59 | INFO | EtlWorkerService | [DataLoader] 5000 filas cargadas en dbo.StgCsvExtract.
2026-03-17 16:53:02 | INFO | EtlWorkerService | [DataLoader] 2000 filas cargadas en dbo.StgCsvExtract.
2026-03-17 16:53:16 | INFO | EtlWorkerService | [DataLoader] 20000 filas cargadas en dbo.StgCsvExtract.
2026-03-17 16:53:27 | INFO | EtlWorkerService | [DataLoader] 60161 filas cargadas en dbo.StgCsvExtract.
2026-03-17 16:53:28 | INFO | EtlWorkerService | [DataLoader] 20000 filas cargadas en dbo.StgDbExtract.
2026-03-17 16:53:29 | INFO | EtlWorkerService | [DataLoader] 5000 filas cargadas en dbo.StgDbExtract.
2026-03-17 16:53:29 | INFO | EtlWorkerService | [DataLoader] 500 filas cargadas en dbo.StgApiExtract.
2026-03-17 16:53:29 | INFO | EtlWorkerService | [DataLoader] Metricas de auditoria guardadas: 7
2026-03-17 16:53:29 | INFO | EtlWorkerService | Datasets extraidos: 7
2026-03-17 16:53:29 | INFO | EtlWorkerService | Total de filas extraidas: 112661
2026-03-17 16:53:29 | INFO | EtlWorkerService | Errores detectados: 0
2026-03-17 16:53:29 | INFO | EtlWorkerService | === Fin Worker ETL (batch=ff4b582f-ed2d-4309-85d2-ca439a00d755) ===
2026-03-17 17:02:36 | INFO | EtlWorkerService | Configuracion cargada desde C:\Users\kalco\OneDrive\Documents\Electiva 1 y 2\ProcesoEtl\config\settings.json
2026-03-17 17:02:36 | INFO | EtlWorkerService | Base de datos objetivo: ProcesoETLDB
2026-03-17 17:02:36 | INFO | EtlWorkerService | === Inicio Worker ETL (batch=9a74cbc3-b169-4b18-890e-735dce892e9f) ===
2026-03-17 17:02:37 | INFO | EtlWorkerService | [SQL] Lotes ejecutados: 10/28
2026-03-17 17:02:37 | INFO | EtlWorkerService | [SQL] Lotes ejecutados: 20/28
2026-03-17 17:02:37 | INFO | EtlWorkerService | [SQL] Esquema aplicado correctamente en la base ProcesoETLDB.
2026-03-17 17:02:38 | INFO | EtlWorkerService | [DataLoader] Tablas staging y auditoria limpiadas.
2026-03-17 17:02:38 | INFO | EtlWorkerService | [CsvExtractor] Archivo customers.csv extraido con 5000 filas.
2026-03-17 17:02:38 | INFO | EtlWorkerService | [CsvExtractor] Archivo products.csv extraido con 2000 filas.
2026-03-17 17:02:38 | INFO | EtlWorkerService | [CsvExtractor] Archivo orders.csv extraido con 20000 filas.
2026-03-17 17:02:38 | INFO | EtlWorkerService | [CsvExtractor] Archivo order_details.csv extraido con 60161 filas.
2026-03-17 17:02:39 | INFO | EtlWorkerService | [ApiExtractor] Endpoint /comments extrajo 500 filas.
2026-03-17 17:03:08 | INFO | EtlWorkerService | [DatabaseExtractor] Query orders_overview extrajo 20000 filas.
2026-03-17 17:03:08 | INFO | EtlWorkerService | [DatabaseExtractor] Query customer_activity extrajo 5000 filas.
2026-03-17 17:03:08 | INFO | EtlWorkerService | [DataLoader] Archivos temporales generados: 7
2026-03-17 17:03:17 | INFO | EtlWorkerService | [DataLoader] 5000 filas cargadas en dbo.StgCsvExtract.
2026-03-17 17:03:20 | INFO | EtlWorkerService | [DataLoader] 2000 filas cargadas en dbo.StgCsvExtract.
2026-03-17 17:03:22 | INFO | EtlWorkerService | [DataLoader] 20000 filas cargadas en dbo.StgCsvExtract.
2026-03-17 17:03:31 | INFO | EtlWorkerService | [DataLoader] 60161 filas cargadas en dbo.StgCsvExtract.
2026-03-17 17:03:34 | INFO | EtlWorkerService | [DataLoader] 20000 filas cargadas en dbo.StgDbExtract.
2026-03-17 17:03:35 | INFO | EtlWorkerService | [DataLoader] 5000 filas cargadas en dbo.StgDbExtract.
2026-03-17 17:03:35 | INFO | EtlWorkerService | [DataLoader] 500 filas cargadas en dbo.StgApiExtract.
2026-03-17 17:03:35 | INFO | EtlWorkerService | [DataLoader] Metricas de auditoria guardadas: 7
2026-03-17 17:03:35 | INFO | EtlWorkerService | Datasets extraidos: 7
2026-03-17 17:03:35 | INFO | EtlWorkerService | Total de filas extraidas: 112661
2026-03-17 17:03:35 | INFO | EtlWorkerService | Errores detectados: 0
2026-03-17 17:03:35 | INFO | EtlWorkerService | === Fin Worker ETL (batch=9a74cbc3-b169-4b18-890e-735dce892e9f) ===
2026-03-17 17:10:17 | INFO | EtlWorkerService | Configuracion cargada desde C:\Users\kalco\OneDrive\Documents\Electiva 1 y 2\ProcesoEtl\config\settings.json
2026-03-17 17:10:17 | INFO | EtlWorkerService | Base de datos objetivo: ProcesoETLDB
2026-03-17 17:10:17 | INFO | EtlWorkerService | === Inicio Worker ETL (batch=959dacc7-1985-4229-a584-4851285a790f) ===
2026-03-17 17:10:19 | INFO | EtlWorkerService | [SQL] Lotes ejecutados: 10/28
2026-03-17 17:10:21 | INFO | EtlWorkerService | [SQL] Lotes ejecutados: 20/28
2026-03-17 17:10:21 | INFO | EtlWorkerService | [SQL] Esquema aplicado correctamente en la base ProcesoETLDB.
2026-03-17 17:10:27 | INFO | EtlWorkerService | [DataLoader] Tablas staging y auditoria limpiadas.
2026-03-17 17:10:27 | INFO | EtlWorkerService | [CsvExtractor] Archivo customers.csv extraido con 5000 filas.
2026-03-17 17:10:27 | INFO | EtlWorkerService | [CsvExtractor] Archivo products.csv extraido con 2000 filas.
2026-03-17 17:10:27 | INFO | EtlWorkerService | [CsvExtractor] Archivo orders.csv extraido con 20000 filas.
2026-03-17 17:10:27 | INFO | EtlWorkerService | [CsvExtractor] Archivo order_details.csv extraido con 60161 filas.
2026-03-17 17:10:28 | INFO | EtlWorkerService | [ApiExtractor] Endpoint /comments extrajo 500 filas.
2026-03-17 17:10:42 | INFO | EtlWorkerService | [DatabaseExtractor] Query orders_overview extrajo 20000 filas.
2026-03-17 17:10:42 | INFO | EtlWorkerService | [DatabaseExtractor] Query customer_activity extrajo 5000 filas.
2026-03-17 17:10:43 | INFO | EtlWorkerService | [DataLoader] Archivos temporales generados: 7
2026-03-17 17:10:45 | INFO | EtlWorkerService | [DataLoader] 5000 filas cargadas en dbo.StgCsvExtract.
2026-03-17 17:10:45 | INFO | EtlWorkerService | [DataLoader] 2000 filas cargadas en dbo.StgCsvExtract.
2026-03-17 17:10:49 | INFO | EtlWorkerService | [DataLoader] 20000 filas cargadas en dbo.StgCsvExtract.
2026-03-17 17:11:04 | INFO | EtlWorkerService | [DataLoader] 60161 filas cargadas en dbo.StgCsvExtract.
2026-03-17 17:11:07 | INFO | EtlWorkerService | [DataLoader] 20000 filas cargadas en dbo.StgDbExtract.
2026-03-17 17:11:08 | INFO | EtlWorkerService | [DataLoader] 5000 filas cargadas en dbo.StgDbExtract.
2026-03-17 17:11:08 | INFO | EtlWorkerService | [DataLoader] 500 filas cargadas en dbo.StgApiExtract.
2026-03-17 17:11:08 | INFO | EtlWorkerService | [DataLoader] Metricas de auditoria guardadas: 7
2026-03-17 17:11:08 | INFO | EtlWorkerService | Datasets extraidos: 7
2026-03-17 17:11:08 | INFO | EtlWorkerService | Total de filas extraidas: 112661
2026-03-17 17:11:08 | INFO | EtlWorkerService | Errores detectados: 0
2026-03-17 17:11:08 | INFO | EtlWorkerService | === Fin Worker ETL (batch=959dacc7-1985-4229-a584-4851285a790f) ===
